<?xml version="1.0" encoding="UTF-8"?>
<!-- Generated by org.testng.reporters.JUnitReportReporter -->
<testsuite hostname="ProSmart-PC" failures="0" tests="1" name="com.qa.fifa.SearchTest" time="20.621" errors="0" timestamp="2022-12-04T11:58:37 EST" skipped="0">
  <testcase classname="com.qa.fifa.SearchTest" name="validateSearch" time="20.621"/>
  <system-out/>
</testsuite> <!-- com.qa.fifa.SearchTest -->
